2025-06-24 21:53:03,646 - INFO - auth_manager: user_id in session_state: OVRQ7LeRTKMDreik9FWkLSrxIJv2
2025-06-24 21:56:11,685 - INFO - NumExpr defaulting to 4 threads.
2025-06-24 21:56:11,955 - INFO - Streamlit version: 1.46.0
2025-06-24 21:56:11,956 - INFO - Streamlit file: /home/jawwad-linux/miniconda3/envs/ncc_ai/lib/python3.9/site-packages/streamlit/__init__.py
2025-06-24 21:56:11,959 - INFO - auth_manager: user_id in session_state: None
2025-06-24 21:56:13,549 - INFO - auth_manager: user_id in session_state: None
2025-06-24 21:56:21,319 - INFO - auth_manager: user_id in session_state: None
2025-06-24 21:56:23,017 - INFO - auth_manager: user_id in session_state: None
2025-06-24 21:56:23,143 - INFO - auth_manager: user_id in session_state: None
2025-06-24 21:56:29 INFO User jams9226@gmail.com logged in successfully. Hybrid debug: {'chat_local_count': 7, 'quiz_local_count': 1, 'quiz_score_local': True, 'chat_cloud_count': 0, 'quiz_cloud_count': 0, 'quiz_score_cloud': True}
2025-06-24 21:56:29,257 - INFO - User jams9226@gmail.com logged in successfully. Hybrid debug: {'chat_local_count': 7, 'quiz_local_count': 1, 'quiz_score_local': True, 'chat_cloud_count': 0, 'quiz_cloud_count': 0, 'quiz_score_cloud': True}
2025-06-24 21:56:29,259 - INFO - 127.0.0.1 - - [24/Jun/2025 21:56:29] "POST /login HTTP/1.1" 200 -
2025-06-24 21:56:29,261 - INFO - Login successful for user: jams9226@gmail.com
2025-06-24 21:56:29,335 - INFO - auth_manager: user_id in session_state: OVRQ7LeRTKMDreik9FWkLSrxIJv2
2025-06-24 21:56:34,345 - INFO - auth_manager: user_id in session_state: OVRQ7LeRTKMDreik9FWkLSrxIJv2
2025-06-24 21:56:58,437 - INFO - auth_manager: user_id in session_state: OVRQ7LeRTKMDreik9FWkLSrxIJv2
2025-06-24 21:57:01,428 - INFO - auth_manager: user_id in session_state: OVRQ7LeRTKMDreik9FWkLSrxIJv2
2025-06-24 21:57:06,347 - INFO - auth_manager: user_id in session_state: OVRQ7LeRTKMDreik9FWkLSrxIJv2
2025-06-24 21:57:14,523 - INFO - auth_manager: user_id in session_state: OVRQ7LeRTKMDreik9FWkLSrxIJv2
2025-06-24 21:57:35,818 - INFO - auth_manager: user_id in session_state: OVRQ7LeRTKMDreik9FWkLSrxIJv2
2025-06-24 22:02:45,210 - INFO -  * Detected change in '/home/jawwad-linux/Documents/ncc_ai_assistant/admin_tools.py', reloading
2025-06-24 22:02:45,225 - INFO -  * Detected change in '/home/jawwad-linux/Documents/ncc_ai_assistant/admin_tools.py', reloading
2025-06-24 22:02:45,226 - INFO -  * Detected change in '/home/jawwad-linux/Documents/ncc_ai_assistant/admin_tools.py', reloading
2025-06-24 22:02:47,856 - INFO -  * Restarting with watchdog (inotify)
2025-06-24 22:02:49,762 - WARNING - Python-dotenv could not parse statement starting at line 5
2025-06-24 22:02:49,777 - WARNING -  * Debugger is active!
2025-06-24 22:02:49,779 - INFO -  * Debugger PIN: 142-885-005
2025-06-24 22:02:57,758 - INFO -  * Detected change in '/home/jawwad-linux/Documents/ncc_ai_assistant/admin_tools.py', reloading
2025-06-24 22:02:57,759 - INFO -  * Detected change in '/home/jawwad-linux/Documents/ncc_ai_assistant/admin_tools.py', reloading
2025-06-24 22:02:57,778 - INFO -  * Detected change in '/home/jawwad-linux/Documents/ncc_ai_assistant/admin_tools.py', reloading
2025-06-24 22:02:58,413 - INFO -  * Restarting with watchdog (inotify)
2025-06-24 22:03:00,657 - WARNING - Python-dotenv could not parse statement starting at line 5
2025-06-24 22:03:00,670 - WARNING -  * Debugger is active!
2025-06-24 22:03:00,671 - INFO -  * Debugger PIN: 142-885-005
2025-06-24 22:06:14,423 - INFO -  * Detected change in '/home/jawwad-linux/Documents/ncc_ai_assistant/login_interface.py', reloading
2025-06-24 22:06:14,425 - INFO -  * Detected change in '/home/jawwad-linux/Documents/ncc_ai_assistant/login_interface.py', reloading
2025-06-24 22:06:14,446 - INFO -  * Detected change in '/home/jawwad-linux/Documents/ncc_ai_assistant/login_interface.py', reloading
2025-06-24 22:06:14,853 - INFO -  * Restarting with watchdog (inotify)
2025-06-24 22:06:17,580 - WARNING - Python-dotenv could not parse statement starting at line 5
2025-06-24 22:06:17,592 - WARNING -  * Debugger is active!
2025-06-24 22:06:17,592 - INFO -  * Debugger PIN: 142-885-005
2025-06-24 22:06:41,215 - INFO -  * Detected change in '/home/jawwad-linux/Documents/ncc_ai_assistant/login_interface.py', reloading
2025-06-24 22:06:41,216 - INFO -  * Detected change in '/home/jawwad-linux/Documents/ncc_ai_assistant/login_interface.py', reloading
2025-06-24 22:06:41,237 - INFO -  * Detected change in '/home/jawwad-linux/Documents/ncc_ai_assistant/login_interface.py', reloading
2025-06-24 22:06:42,296 - INFO -  * Restarting with watchdog (inotify)
2025-06-24 22:06:44,250 - WARNING - Python-dotenv could not parse statement starting at line 5
2025-06-24 22:06:44,262 - WARNING -  * Debugger is active!
2025-06-24 22:06:44,263 - INFO -  * Debugger PIN: 142-885-005
2025-06-24 22:06:56,619 - INFO - NumExpr defaulting to 4 threads.
2025-06-24 22:06:56,874 - INFO - Streamlit version: 1.46.0
2025-06-24 22:06:56,875 - INFO - Streamlit file: /home/jawwad-linux/miniconda3/envs/ncc_ai/lib/python3.9/site-packages/streamlit/__init__.py
2025-06-24 22:06:56,878 - INFO - auth_manager: user_id in session_state: None
2025-06-24 22:06:57,747 - INFO - auth_manager: user_id in session_state: None
2025-06-24 22:07:13,782 - INFO - auth_manager: user_id in session_state: None
2025-06-24 22:07:13,806 - WARNING - Login attempt with missing email or password.
2025-06-24 22:07:17,086 - INFO - auth_manager: user_id in session_state: None
2025-06-24 22:07:18,925 - INFO - auth_manager: user_id in session_state: None
2025-06-24 22:07:19,067 - INFO - auth_manager: user_id in session_state: None
2025-06-24 22:07:25 INFO User jams9226@gmail.com logged in successfully. Hybrid debug: {'chat_local_count': 7, 'quiz_local_count': 1, 'quiz_score_local': True, 'chat_cloud_count': 0, 'quiz_cloud_count': 0, 'quiz_score_cloud': True}
2025-06-24 22:07:25,626 - INFO - User jams9226@gmail.com logged in successfully. Hybrid debug: {'chat_local_count': 7, 'quiz_local_count': 1, 'quiz_score_local': True, 'chat_cloud_count': 0, 'quiz_cloud_count': 0, 'quiz_score_cloud': True}
2025-06-24 22:07:25,628 - INFO - 127.0.0.1 - - [24/Jun/2025 22:07:25] "POST /login HTTP/1.1" 200 -
2025-06-24 22:07:25,632 - INFO - Login successful for user: jams9226@gmail.com
2025-06-24 22:07:25,724 - INFO - auth_manager: user_id in session_state: OVRQ7LeRTKMDreik9FWkLSrxIJv2
2025-06-24 22:07:33,540 - INFO - auth_manager: user_id in session_state: OVRQ7LeRTKMDreik9FWkLSrxIJv2
2025-06-24 22:09:34,444 - INFO -  * Detected change in '/home/jawwad-linux/Documents/ncc_ai_assistant/profile_interface.py', reloading
2025-06-24 22:09:34,449 - INFO -  * Detected change in '/home/jawwad-linux/Documents/ncc_ai_assistant/profile_interface.py', reloading
2025-06-24 22:09:34,471 - INFO -  * Detected change in '/home/jawwad-linux/Documents/ncc_ai_assistant/profile_interface.py', reloading
2025-06-24 22:09:37,490 - INFO -  * Restarting with watchdog (inotify)
2025-06-24 22:09:39,514 - WARNING - Python-dotenv could not parse statement starting at line 5
2025-06-24 22:09:39,527 - WARNING -  * Debugger is active!
2025-06-24 22:09:39,528 - INFO -  * Debugger PIN: 142-885-005
2025-06-24 22:10:05,348 - INFO -  * Detected change in '/home/jawwad-linux/Documents/ncc_ai_assistant/profile_interface.py', reloading
2025-06-24 22:10:05,349 - INFO -  * Detected change in '/home/jawwad-linux/Documents/ncc_ai_assistant/profile_interface.py', reloading
2025-06-24 22:10:05,367 - INFO -  * Detected change in '/home/jawwad-linux/Documents/ncc_ai_assistant/profile_interface.py', reloading
2025-06-24 22:10:06,420 - INFO -  * Restarting with watchdog (inotify)
2025-06-24 22:10:08,411 - WARNING - Python-dotenv could not parse statement starting at line 5
2025-06-24 22:10:08,422 - WARNING -  * Debugger is active!
2025-06-24 22:10:08,423 - INFO -  * Debugger PIN: 142-885-005
2025-06-24 22:14:11,520 - INFO -  * Detected change in '/home/jawwad-linux/Documents/ncc_ai_assistant/sidebar.py', reloading
2025-06-24 22:14:11,521 - INFO -  * Detected change in '/home/jawwad-linux/Documents/ncc_ai_assistant/sidebar.py', reloading
2025-06-24 22:14:11,524 - INFO -  * Detected change in '/home/jawwad-linux/Documents/ncc_ai_assistant/sidebar.py', reloading
2025-06-24 22:14:11,900 - INFO -  * Restarting with watchdog (inotify)
2025-06-24 22:14:14,347 - WARNING - Python-dotenv could not parse statement starting at line 5
2025-06-24 22:14:14,363 - WARNING -  * Debugger is active!
2025-06-24 22:14:14,364 - INFO -  * Debugger PIN: 142-885-005
2025-06-24 22:14:33,759 - INFO -  * Detected change in '/home/jawwad-linux/Documents/ncc_ai_assistant/main.py', reloading
2025-06-24 22:14:33,761 - INFO -  * Detected change in '/home/jawwad-linux/Documents/ncc_ai_assistant/main.py', reloading
2025-06-24 22:14:35,095 - INFO -  * Restarting with watchdog (inotify)
2025-06-24 22:14:37,310 - WARNING - Python-dotenv could not parse statement starting at line 5
2025-06-24 22:14:37,323 - WARNING -  * Debugger is active!
2025-06-24 22:14:37,324 - INFO -  * Debugger PIN: 142-885-005
2025-06-24 22:14:53,019 - INFO -  * Detected change in '/home/jawwad-linux/Documents/ncc_ai_assistant/feedback_interface.py', reloading
2025-06-24 22:14:53,030 - INFO -  * Detected change in '/home/jawwad-linux/Documents/ncc_ai_assistant/feedback_interface.py', reloading
2025-06-24 22:14:53,049 - INFO -  * Detected change in '/home/jawwad-linux/Documents/ncc_ai_assistant/feedback_interface.py', reloading
2025-06-24 22:14:53,943 - INFO -  * Restarting with watchdog (inotify)
2025-06-24 22:14:56,320 - WARNING - Python-dotenv could not parse statement starting at line 5
2025-06-24 22:14:56,332 - WARNING -  * Debugger is active!
2025-06-24 22:14:56,333 - INFO -  * Debugger PIN: 142-885-005
2025-06-24 22:15:37,642 - INFO -  * Detected change in '/home/jawwad-linux/Documents/ncc_ai_assistant/main.py', reloading
2025-06-24 22:15:37,645 - INFO -  * Detected change in '/home/jawwad-linux/Documents/ncc_ai_assistant/main.py', reloading
2025-06-24 22:15:37,646 - INFO -  * Detected change in '/home/jawwad-linux/Documents/ncc_ai_assistant/sidebar.py', reloading
2025-06-24 22:15:37,648 - INFO -  * Detected change in '/home/jawwad-linux/Documents/ncc_ai_assistant/sidebar.py', reloading
2025-06-24 22:15:37,648 - INFO -  * Detected change in '/home/jawwad-linux/Documents/ncc_ai_assistant/feedback_interface.py', reloading
2025-06-24 22:15:37,664 - INFO -  * Detected change in '/home/jawwad-linux/Documents/ncc_ai_assistant/sidebar.py', reloading
2025-06-24 22:15:37,665 - INFO -  * Detected change in '/home/jawwad-linux/Documents/ncc_ai_assistant/feedback_interface.py', reloading
2025-06-24 22:15:37,666 - INFO -  * Detected change in '/home/jawwad-linux/Documents/ncc_ai_assistant/main.py', reloading
2025-06-24 22:15:37,975 - INFO -  * Restarting with watchdog (inotify)
2025-06-24 22:15:40,151 - WARNING - Python-dotenv could not parse statement starting at line 5
2025-06-24 22:15:40,163 - WARNING -  * Debugger is active!
2025-06-24 22:15:40,164 - INFO -  * Debugger PIN: 142-885-005
2025-06-24 22:15:53,745 - INFO - NumExpr defaulting to 4 threads.
2025-06-24 22:15:53,995 - INFO - Streamlit version: 1.46.0
2025-06-24 22:15:53,996 - INFO - Streamlit file: /home/jawwad-linux/miniconda3/envs/ncc_ai/lib/python3.9/site-packages/streamlit/__init__.py
2025-06-24 22:15:53,999 - INFO - auth_manager: user_id in session_state: None
2025-06-24 22:15:55,586 - INFO - auth_manager: user_id in session_state: None
2025-06-24 22:15:58,264 - INFO - auth_manager: user_id in session_state: None
2025-06-24 22:16:00,349 - INFO - auth_manager: user_id in session_state: None
2025-06-24 22:16:00,477 - INFO - auth_manager: user_id in session_state: None
2025-06-24 22:16:07 INFO User jams9226@gmail.com logged in successfully. Hybrid debug: {'chat_local_count': 7, 'quiz_local_count': 1, 'quiz_score_local': True, 'chat_cloud_count': 0, 'quiz_cloud_count': 0, 'quiz_score_cloud': True}
2025-06-24 22:16:07,840 - INFO - User jams9226@gmail.com logged in successfully. Hybrid debug: {'chat_local_count': 7, 'quiz_local_count': 1, 'quiz_score_local': True, 'chat_cloud_count': 0, 'quiz_cloud_count': 0, 'quiz_score_cloud': True}
2025-06-24 22:16:07,842 - INFO - 127.0.0.1 - - [24/Jun/2025 22:16:07] "POST /login HTTP/1.1" 200 -
2025-06-24 22:16:07,846 - INFO - Login successful for user: jams9226@gmail.com
2025-06-24 22:16:07,938 - INFO - auth_manager: user_id in session_state: OVRQ7LeRTKMDreik9FWkLSrxIJv2
2025-06-24 22:16:14,583 - INFO - auth_manager: user_id in session_state: OVRQ7LeRTKMDreik9FWkLSrxIJv2
2025-06-24 22:17:45,730 - INFO -  * Detected change in '/home/jawwad-linux/Documents/ncc_ai_assistant/main.py', reloading
2025-06-24 22:17:45,735 - INFO -  * Detected change in '/home/jawwad-linux/Documents/ncc_ai_assistant/main.py', reloading
2025-06-24 22:17:45,759 - INFO -  * Detected change in '/home/jawwad-linux/Documents/ncc_ai_assistant/main.py', reloading
2025-06-24 22:17:48,448 - INFO -  * Restarting with watchdog (inotify)
2025-06-24 22:17:50,366 - WARNING - Python-dotenv could not parse statement starting at line 5
2025-06-24 22:17:50,379 - WARNING -  * Debugger is active!
2025-06-24 22:17:50,380 - INFO -  * Debugger PIN: 142-885-005
2025-06-24 22:19:05,731 - INFO -  * Detected change in '/home/jawwad-linux/Documents/ncc_ai_assistant/main.py', reloading
2025-06-24 22:19:05,733 - INFO -  * Detected change in '/home/jawwad-linux/Documents/ncc_ai_assistant/main.py', reloading
2025-06-24 22:19:05,753 - INFO -  * Detected change in '/home/jawwad-linux/Documents/ncc_ai_assistant/main.py', reloading
2025-06-24 22:19:06,404 - INFO -  * Restarting with watchdog (inotify)
2025-06-24 22:19:08,484 - WARNING - Python-dotenv could not parse statement starting at line 5
2025-06-24 22:19:08,495 - WARNING -  * Debugger is active!
2025-06-24 22:19:08,496 - INFO -  * Debugger PIN: 142-885-005
2025-06-24 22:21:31,255 - INFO -  * Detected change in '/home/jawwad-linux/Documents/ncc_ai_assistant/admin_tools.py', reloading
2025-06-24 22:21:31,257 - INFO -  * Detected change in '/home/jawwad-linux/Documents/ncc_ai_assistant/admin_tools.py', reloading
2025-06-24 22:21:31,266 - INFO -  * Detected change in '/home/jawwad-linux/Documents/ncc_ai_assistant/admin_tools.py', reloading
2025-06-24 22:21:31,617 - INFO -  * Restarting with watchdog (inotify)
2025-06-24 22:21:34,225 - WARNING - Python-dotenv could not parse statement starting at line 5
2025-06-24 22:21:34,238 - WARNING -  * Debugger is active!
2025-06-24 22:21:34,239 - INFO -  * Debugger PIN: 142-885-005
2025-06-24 22:22:05,767 - INFO -  * Detected change in '/home/jawwad-linux/Documents/ncc_ai_assistant/admin_tools.py', reloading
2025-06-24 22:22:05,768 - INFO -  * Detected change in '/home/jawwad-linux/Documents/ncc_ai_assistant/admin_tools.py', reloading
2025-06-24 22:22:05,787 - INFO -  * Detected change in '/home/jawwad-linux/Documents/ncc_ai_assistant/admin_tools.py', reloading
2025-06-24 22:22:06,887 - INFO -  * Restarting with watchdog (inotify)
2025-06-24 22:22:08,951 - WARNING - Python-dotenv could not parse statement starting at line 5
2025-06-24 22:22:08,963 - WARNING -  * Debugger is active!
2025-06-24 22:22:08,963 - INFO -  * Debugger PIN: 142-885-005
2025-06-24 22:25:54,553 - INFO -  * Detected change in '/home/jawwad-linux/Documents/ncc_ai_assistant/video_guides.py', reloading
2025-06-24 22:25:54,555 - INFO -  * Detected change in '/home/jawwad-linux/Documents/ncc_ai_assistant/video_guides.py', reloading
2025-06-24 22:25:54,576 - INFO -  * Detected change in '/home/jawwad-linux/Documents/ncc_ai_assistant/video_guides.py', reloading
2025-06-24 22:25:55,333 - INFO -  * Restarting with watchdog (inotify)
2025-06-24 22:25:58,413 - WARNING - Python-dotenv could not parse statement starting at line 5
2025-06-24 22:25:58,425 - WARNING -  * Debugger is active!
2025-06-24 22:25:58,426 - INFO -  * Debugger PIN: 142-885-005
2025-06-24 22:26:09,153 - INFO -  * Detected change in '/home/jawwad-linux/Documents/ncc_ai_assistant/main.py', reloading
2025-06-24 22:26:09,164 - INFO -  * Detected change in '/home/jawwad-linux/Documents/ncc_ai_assistant/main.py', reloading
2025-06-24 22:26:10,143 - INFO -  * Restarting with watchdog (inotify)
2025-06-24 22:26:12,313 - WARNING - Python-dotenv could not parse statement starting at line 5
2025-06-24 22:26:12,328 - WARNING -  * Debugger is active!
2025-06-24 22:26:12,329 - INFO -  * Debugger PIN: 142-885-005
2025-06-24 22:26:54,699 - INFO -  * Detected change in '/home/jawwad-linux/Documents/ncc_ai_assistant/main.py', reloading
2025-06-24 22:26:54,700 - INFO -  * Detected change in '/home/jawwad-linux/Documents/ncc_ai_assistant/main.py', reloading
2025-06-24 22:26:54,701 - INFO -  * Detected change in '/home/jawwad-linux/Documents/ncc_ai_assistant/video_guides.py', reloading
2025-06-24 22:26:54,721 - INFO -  * Detected change in '/home/jawwad-linux/Documents/ncc_ai_assistant/video_guides.py', reloading
2025-06-24 22:26:54,721 - INFO -  * Detected change in '/home/jawwad-linux/Documents/ncc_ai_assistant/main.py', reloading
2025-06-24 22:26:55,160 - INFO -  * Restarting with watchdog (inotify)
2025-06-24 22:26:57,200 - WARNING - Python-dotenv could not parse statement starting at line 5
2025-06-24 22:26:57,212 - WARNING -  * Debugger is active!
2025-06-24 22:26:57,212 - INFO -  * Debugger PIN: 142-885-005
2025-06-24 22:28:15,892 - INFO -  * Detected change in '/home/jawwad-linux/Documents/ncc_ai_assistant/video_guides.py', reloading
2025-06-24 22:28:15,913 - INFO -  * Detected change in '/home/jawwad-linux/Documents/ncc_ai_assistant/video_guides.py', reloading
2025-06-24 22:28:16,979 - INFO -  * Restarting with watchdog (inotify)
2025-06-24 22:28:19,039 - WARNING - Python-dotenv could not parse statement starting at line 5
2025-06-24 22:28:19,051 - WARNING -  * Debugger is active!
2025-06-24 22:28:19,052 - INFO -  * Debugger PIN: 142-885-005
2025-06-24 22:28:54,761 - INFO -  * Detected change in '/home/jawwad-linux/Documents/ncc_ai_assistant/video_guides.py', reloading
2025-06-24 22:28:54,762 - INFO -  * Detected change in '/home/jawwad-linux/Documents/ncc_ai_assistant/video_guides.py', reloading
2025-06-24 22:28:54,780 - INFO -  * Detected change in '/home/jawwad-linux/Documents/ncc_ai_assistant/video_guides.py', reloading
2025-06-24 22:28:55,945 - INFO -  * Restarting with watchdog (inotify)
2025-06-24 22:28:57,759 - WARNING - Python-dotenv could not parse statement starting at line 5
2025-06-24 22:28:57,770 - WARNING -  * Debugger is active!
2025-06-24 22:28:57,771 - INFO -  * Debugger PIN: 142-885-005
2025-06-24 22:30:03,378 - INFO -  * Detected change in '/home/jawwad-linux/Documents/ncc_ai_assistant/video_guides.py', reloading
2025-06-24 22:30:03,384 - INFO -  * Detected change in '/home/jawwad-linux/Documents/ncc_ai_assistant/video_guides.py', reloading
2025-06-24 22:30:03,404 - INFO -  * Detected change in '/home/jawwad-linux/Documents/ncc_ai_assistant/video_guides.py', reloading
2025-06-24 22:30:03,799 - INFO -  * Restarting with watchdog (inotify)
2025-06-24 22:30:06,441 - WARNING - Python-dotenv could not parse statement starting at line 5
2025-06-24 22:30:06,453 - WARNING -  * Debugger is active!
2025-06-24 22:30:06,453 - INFO -  * Debugger PIN: 142-885-005
2025-06-24 22:30:29,979 - INFO -  * Detected change in '/home/jawwad-linux/Documents/ncc_ai_assistant/video_guides.py', reloading
2025-06-24 22:30:29,979 - INFO -  * Detected change in '/home/jawwad-linux/Documents/ncc_ai_assistant/video_guides.py', reloading
2025-06-24 22:30:29,999 - INFO -  * Detected change in '/home/jawwad-linux/Documents/ncc_ai_assistant/video_guides.py', reloading
2025-06-24 22:30:30,338 - INFO -  * Restarting with watchdog (inotify)
2025-06-24 22:30:32,344 - WARNING - Python-dotenv could not parse statement starting at line 5
2025-06-24 22:30:32,356 - WARNING -  * Debugger is active!
2025-06-24 22:30:32,356 - INFO -  * Debugger PIN: 142-885-005
2025-06-24 22:30:41,742 - INFO - NumExpr defaulting to 4 threads.
2025-06-24 22:30:42,007 - INFO - Streamlit version: 1.46.0
2025-06-24 22:30:42,008 - INFO - Streamlit file: /home/jawwad-linux/miniconda3/envs/ncc_ai/lib/python3.9/site-packages/streamlit/__init__.py
2025-06-24 22:30:42,010 - INFO - auth_manager: user_id in session_state: None
2025-06-24 22:30:42,880 - INFO - auth_manager: user_id in session_state: None
2025-06-24 22:30:46,155 - INFO - auth_manager: user_id in session_state: None
2025-06-24 22:30:48,385 - INFO - auth_manager: user_id in session_state: None
2025-06-24 22:30:48,533 - INFO - auth_manager: user_id in session_state: None
2025-06-24 22:30:56 INFO User jams9226@gmail.com logged in successfully. Hybrid debug: {'chat_local_count': 7, 'quiz_local_count': 1, 'quiz_score_local': True, 'chat_cloud_count': 0, 'quiz_cloud_count': 0, 'quiz_score_cloud': True}
2025-06-24 22:30:56,115 - INFO - User jams9226@gmail.com logged in successfully. Hybrid debug: {'chat_local_count': 7, 'quiz_local_count': 1, 'quiz_score_local': True, 'chat_cloud_count': 0, 'quiz_cloud_count': 0, 'quiz_score_cloud': True}
2025-06-24 22:30:56,116 - INFO - 127.0.0.1 - - [24/Jun/2025 22:30:56] "POST /login HTTP/1.1" 200 -
2025-06-24 22:30:56,119 - INFO - Login successful for user: jams9226@gmail.com
2025-06-24 22:30:56,189 - INFO - auth_manager: user_id in session_state: OVRQ7LeRTKMDreik9FWkLSrxIJv2
2025-06-24 22:31:22,647 - INFO -  * Detected change in '/home/jawwad-linux/Documents/ncc_ai_assistant/sidebar.py', reloading
2025-06-24 22:31:22,648 - INFO -  * Detected change in '/home/jawwad-linux/Documents/ncc_ai_assistant/sidebar.py', reloading
2025-06-24 22:31:22,670 - INFO -  * Detected change in '/home/jawwad-linux/Documents/ncc_ai_assistant/sidebar.py', reloading
2025-06-24 22:31:25,068 - INFO -  * Restarting with watchdog (inotify)
2025-06-24 22:31:26,971 - WARNING - Python-dotenv could not parse statement starting at line 5
2025-06-24 22:31:26,983 - WARNING -  * Debugger is active!
2025-06-24 22:31:26,984 - INFO -  * Debugger PIN: 142-885-005
2025-06-24 22:31:47,621 - INFO -  * Detected change in '/home/jawwad-linux/Documents/ncc_ai_assistant/sidebar.py', reloading
2025-06-24 22:31:47,622 - INFO -  * Detected change in '/home/jawwad-linux/Documents/ncc_ai_assistant/sidebar.py', reloading
2025-06-24 22:31:47,642 - INFO -  * Detected change in '/home/jawwad-linux/Documents/ncc_ai_assistant/sidebar.py', reloading
2025-06-24 22:31:48,638 - INFO -  * Restarting with watchdog (inotify)
2025-06-24 22:31:50,494 - WARNING - Python-dotenv could not parse statement starting at line 5
2025-06-24 22:31:50,505 - WARNING -  * Debugger is active!
2025-06-24 22:31:50,506 - INFO -  * Debugger PIN: 142-885-005
2025-06-24 22:32:13,523 - INFO - NumExpr defaulting to 4 threads.
2025-06-24 22:32:13,784 - INFO - Streamlit version: 1.46.0
2025-06-24 22:32:13,785 - INFO - Streamlit file: /home/jawwad-linux/miniconda3/envs/ncc_ai/lib/python3.9/site-packages/streamlit/__init__.py
2025-06-24 22:32:13,787 - INFO - auth_manager: user_id in session_state: None
2025-06-24 22:32:15,481 - INFO - auth_manager: user_id in session_state: None
2025-06-24 22:32:18,264 - INFO - auth_manager: user_id in session_state: None
2025-06-24 22:32:19,869 - INFO - auth_manager: user_id in session_state: None
2025-06-24 22:32:19,990 - INFO - auth_manager: user_id in session_state: None
2025-06-24 22:32:26 INFO User jams9226@gmail.com logged in successfully. Hybrid debug: {'chat_local_count': 7, 'quiz_local_count': 1, 'quiz_score_local': True, 'chat_cloud_count': 0, 'quiz_cloud_count': 0, 'quiz_score_cloud': True}
2025-06-24 22:32:26,679 - INFO - User jams9226@gmail.com logged in successfully. Hybrid debug: {'chat_local_count': 7, 'quiz_local_count': 1, 'quiz_score_local': True, 'chat_cloud_count': 0, 'quiz_cloud_count': 0, 'quiz_score_cloud': True}
2025-06-24 22:32:26,681 - INFO - 127.0.0.1 - - [24/Jun/2025 22:32:26] "POST /login HTTP/1.1" 200 -
2025-06-24 22:32:26,684 - INFO - Login successful for user: jams9226@gmail.com
2025-06-24 22:32:26,769 - INFO - auth_manager: user_id in session_state: OVRQ7LeRTKMDreik9FWkLSrxIJv2
2025-06-24 22:32:43,853 - INFO - auth_manager: user_id in session_state: OVRQ7LeRTKMDreik9FWkLSrxIJv2
2025-06-24 22:32:52,010 - INFO - auth_manager: user_id in session_state: OVRQ7LeRTKMDreik9FWkLSrxIJv2
2025-06-24 22:32:55,467 - INFO - auth_manager: user_id in session_state: OVRQ7LeRTKMDreik9FWkLSrxIJv2
2025-06-24 22:33:24,933 - INFO - auth_manager: user_id in session_state: OVRQ7LeRTKMDreik9FWkLSrxIJv2
2025-06-24 22:33:34,219 - INFO - auth_manager: user_id in session_state: OVRQ7LeRTKMDreik9FWkLSrxIJv2
2025-06-24 22:33:39,668 - INFO - auth_manager: user_id in session_state: OVRQ7LeRTKMDreik9FWkLSrxIJv2
2025-06-24 22:33:44,595 - INFO - auth_manager: user_id in session_state: OVRQ7LeRTKMDreik9FWkLSrxIJv2
2025-06-24 22:35:33,182 - INFO -  * Detected change in '/home/jawwad-linux/Documents/ncc_ai_assistant/main.py', reloading
2025-06-24 22:35:33,208 - INFO -  * Detected change in '/home/jawwad-linux/Documents/ncc_ai_assistant/main.py', reloading
2025-06-24 22:35:35,636 - INFO -  * Restarting with watchdog (inotify)
2025-06-24 22:35:37,517 - WARNING - Python-dotenv could not parse statement starting at line 5
2025-06-24 22:35:37,528 - WARNING -  * Debugger is active!
2025-06-24 22:35:37,529 - INFO -  * Debugger PIN: 142-885-005
2025-06-24 22:35:52,847 - INFO -  * Detected change in '/home/jawwad-linux/Documents/ncc_ai_assistant/main.py', reloading
2025-06-24 22:35:53,115 - INFO -  * Restarting with watchdog (inotify)
2025-06-24 22:35:55,080 - WARNING - Python-dotenv could not parse statement starting at line 5
2025-06-24 22:35:55,093 - WARNING -  * Debugger is active!
2025-06-24 22:35:55,093 - INFO -  * Debugger PIN: 142-885-005
2025-06-24 22:36:13,005 - INFO - NumExpr defaulting to 4 threads.
2025-06-24 22:36:13,344 - INFO - Streamlit version: 1.46.0
2025-06-24 22:36:13,344 - INFO - Streamlit file: /home/jawwad-linux/miniconda3/envs/ncc_ai/lib/python3.9/site-packages/streamlit/__init__.py
2025-06-24 22:36:13,348 - INFO - auth_manager: user_id in session_state: None
2025-06-24 22:36:14,829 - INFO - auth_manager: user_id in session_state: None
2025-06-24 22:36:16,923 - INFO - auth_manager: user_id in session_state: None
2025-06-24 22:36:18,740 - INFO - auth_manager: user_id in session_state: None
2025-06-24 22:36:18,877 - INFO - auth_manager: user_id in session_state: None
2025-06-24 22:36:26 INFO User jams9226@gmail.com logged in successfully. Hybrid debug: {'chat_local_count': 7, 'quiz_local_count': 1, 'quiz_score_local': True, 'chat_cloud_count': 0, 'quiz_cloud_count': 0, 'quiz_score_cloud': True}
2025-06-24 22:36:26,304 - INFO - User jams9226@gmail.com logged in successfully. Hybrid debug: {'chat_local_count': 7, 'quiz_local_count': 1, 'quiz_score_local': True, 'chat_cloud_count': 0, 'quiz_cloud_count': 0, 'quiz_score_cloud': True}
2025-06-24 22:36:26,306 - INFO - 127.0.0.1 - - [24/Jun/2025 22:36:26] "POST /login HTTP/1.1" 200 -
2025-06-24 22:36:26,308 - INFO - Login successful for user: jams9226@gmail.com
2025-06-24 22:36:26,390 - INFO - auth_manager: user_id in session_state: OVRQ7LeRTKMDreik9FWkLSrxIJv2
2025-06-24 22:36:34,774 - INFO - auth_manager: user_id in session_state: OVRQ7LeRTKMDreik9FWkLSrxIJv2
2025-06-24 22:36:43,543 - INFO - auth_manager: user_id in session_state: OVRQ7LeRTKMDreik9FWkLSrxIJv2
2025-06-24 22:36:48,994 - INFO - auth_manager: user_id in session_state: OVRQ7LeRTKMDreik9FWkLSrxIJv2
2025-06-24 22:36:51,067 - INFO - auth_manager: user_id in session_state: OVRQ7LeRTKMDreik9FWkLSrxIJv2
2025-06-24 22:36:51,110 - INFO - file_cache is only supported with oauth2client<4.0.0
2025-06-24 22:36:51,648 - INFO - file_cache is only supported with oauth2client<4.0.0
2025-06-24 22:36:52,036 - INFO - file_cache is only supported with oauth2client<4.0.0
2025-06-24 22:36:52,417 - INFO - file_cache is only supported with oauth2client<4.0.0
2025-06-24 22:38:08,468 - INFO - auth_manager: user_id in session_state: OVRQ7LeRTKMDreik9FWkLSrxIJv2
2025-06-24 22:38:08,616 - INFO - file_cache is only supported with oauth2client<4.0.0
2025-06-24 22:40:39,507 - INFO -  * Detected change in '/home/jawwad-linux/Documents/ncc_ai_assistant/main.py', reloading
2025-06-24 22:40:39,509 - INFO -  * Detected change in '/home/jawwad-linux/Documents/ncc_ai_assistant/main.py', reloading
2025-06-24 22:40:39,513 - INFO -  * Detected change in '/home/jawwad-linux/Documents/ncc_ai_assistant/main.py', reloading
2025-06-24 22:40:42,443 - INFO -  * Restarting with watchdog (inotify)
2025-06-24 22:40:44,613 - WARNING - Python-dotenv could not parse statement starting at line 5
2025-06-24 22:40:44,644 - WARNING -  * Debugger is active!
2025-06-24 22:40:44,645 - INFO -  * Debugger PIN: 142-885-005
2025-06-24 22:40:58,942 - INFO -  * Detected change in '/home/jawwad-linux/Documents/ncc_ai_assistant/main.py', reloading
2025-06-24 22:40:58,958 - INFO -  * Detected change in '/home/jawwad-linux/Documents/ncc_ai_assistant/main.py', reloading
2025-06-24 22:40:59,228 - INFO -  * Restarting with watchdog (inotify)
2025-06-24 22:41:02,029 - WARNING - Python-dotenv could not parse statement starting at line 5
2025-06-24 22:41:02,054 - WARNING -  * Debugger is active!
2025-06-24 22:41:02,056 - INFO -  * Debugger PIN: 142-885-005
2025-06-24 22:41:40,714 - INFO -  * Detected change in '/home/jawwad-linux/Documents/ncc_ai_assistant/main.py', reloading
2025-06-24 22:41:40,734 - INFO -  * Detected change in '/home/jawwad-linux/Documents/ncc_ai_assistant/main.py', reloading
2025-06-24 22:41:41,108 - INFO -  * Restarting with watchdog (inotify)
2025-06-24 22:41:43,174 - WARNING - Python-dotenv could not parse statement starting at line 5
2025-06-24 22:41:43,187 - WARNING -  * Debugger is active!
2025-06-24 22:41:43,187 - INFO -  * Debugger PIN: 142-885-005
2025-06-24 22:42:50,742 - INFO -  * Detected change in '/home/jawwad-linux/Documents/ncc_ai_assistant/instructor_tools.py', reloading
2025-06-24 22:42:50,765 - INFO -  * Detected change in '/home/jawwad-linux/Documents/ncc_ai_assistant/instructor_tools.py', reloading
2025-06-24 22:42:51,107 - INFO -  * Restarting with watchdog (inotify)
2025-06-24 22:42:54,015 - WARNING - Python-dotenv could not parse statement starting at line 5
2025-06-24 22:42:54,036 - WARNING -  * Debugger is active!
2025-06-24 22:42:54,039 - INFO -  * Debugger PIN: 142-885-005
2025-06-24 22:43:08,455 - INFO -  * Detected change in '/home/jawwad-linux/Documents/ncc_ai_assistant/main.py', reloading
2025-06-24 22:43:08,477 - INFO -  * Detected change in '/home/jawwad-linux/Documents/ncc_ai_assistant/main.py', reloading
2025-06-24 22:43:09,158 - INFO -  * Restarting with watchdog (inotify)
2025-06-24 22:43:11,247 - WARNING - Python-dotenv could not parse statement starting at line 5
2025-06-24 22:43:11,260 - WARNING -  * Debugger is active!
2025-06-24 22:43:11,261 - INFO -  * Debugger PIN: 142-885-005
2025-06-24 22:43:21,207 - INFO -  * Detected change in '/home/jawwad-linux/Documents/ncc_ai_assistant/main.py', reloading
2025-06-24 22:43:21,212 - INFO -  * Detected change in '/home/jawwad-linux/Documents/ncc_ai_assistant/main.py', reloading
2025-06-24 22:43:21,216 - INFO -  * Detected change in '/home/jawwad-linux/Documents/ncc_ai_assistant/main.py', reloading
2025-06-24 22:43:22,028 - INFO -  * Restarting with watchdog (inotify)
2025-06-24 22:43:24,113 - WARNING - Python-dotenv could not parse statement starting at line 5
2025-06-24 22:43:24,126 - WARNING -  * Debugger is active!
2025-06-24 22:43:24,126 - INFO -  * Debugger PIN: 142-885-005
2025-06-24 22:43:52,398 - INFO -  * Detected change in '/home/jawwad-linux/Documents/ncc_ai_assistant/main.py', reloading
2025-06-24 22:43:52,399 - INFO -  * Detected change in '/home/jawwad-linux/Documents/ncc_ai_assistant/instructor_tools.py', reloading
2025-06-24 22:43:52,400 - INFO -  * Detected change in '/home/jawwad-linux/Documents/ncc_ai_assistant/main.py', reloading
2025-06-24 22:43:52,401 - INFO -  * Detected change in '/home/jawwad-linux/Documents/ncc_ai_assistant/instructor_tools.py', reloading
2025-06-24 22:43:52,416 - INFO -  * Detected change in '/home/jawwad-linux/Documents/ncc_ai_assistant/instructor_tools.py', reloading
2025-06-24 22:43:52,417 - INFO -  * Detected change in '/home/jawwad-linux/Documents/ncc_ai_assistant/main.py', reloading
2025-06-24 22:43:52,908 - INFO -  * Restarting with watchdog (inotify)
2025-06-24 22:43:54,945 - WARNING - Python-dotenv could not parse statement starting at line 5
2025-06-24 22:43:54,957 - WARNING -  * Debugger is active!
2025-06-24 22:43:54,958 - INFO -  * Debugger PIN: 142-885-005
2025-06-24 22:44:26,944 - INFO -  * Detected change in '/home/jawwad-linux/Documents/ncc_ai_assistant/main.py', reloading
2025-06-24 22:44:26,949 - INFO -  * Detected change in '/home/jawwad-linux/Documents/ncc_ai_assistant/main.py', reloading
2025-06-24 22:44:26,968 - INFO -  * Detected change in '/home/jawwad-linux/Documents/ncc_ai_assistant/main.py', reloading
2025-06-24 22:44:27,588 - INFO -  * Restarting with watchdog (inotify)
2025-06-24 22:44:29,686 - WARNING - Python-dotenv could not parse statement starting at line 5
2025-06-24 22:44:29,698 - WARNING -  * Debugger is active!
2025-06-24 22:44:29,699 - INFO -  * Debugger PIN: 142-885-005
2025-06-24 22:44:40,958 - INFO -  * Detected change in '/home/jawwad-linux/Documents/ncc_ai_assistant/main.py', reloading
2025-06-24 22:44:40,976 - INFO -  * Detected change in '/home/jawwad-linux/Documents/ncc_ai_assistant/main.py', reloading
2025-06-24 22:44:41,286 - INFO -  * Restarting with watchdog (inotify)
2025-06-24 22:44:43,665 - WARNING - Python-dotenv could not parse statement starting at line 5
2025-06-24 22:44:43,680 - WARNING -  * Debugger is active!
2025-06-24 22:44:43,681 - INFO -  * Debugger PIN: 142-885-005
2025-06-24 22:44:58,681 - INFO -  * Detected change in '/home/jawwad-linux/Documents/ncc_ai_assistant/main.py', reloading
2025-06-24 22:44:58,701 - INFO -  * Detected change in '/home/jawwad-linux/Documents/ncc_ai_assistant/main.py', reloading
2025-06-24 22:44:59,569 - INFO -  * Restarting with watchdog (inotify)
2025-06-24 22:45:01,773 - WARNING - Python-dotenv could not parse statement starting at line 5
2025-06-24 22:45:01,786 - WARNING -  * Debugger is active!
2025-06-24 22:45:01,787 - INFO -  * Debugger PIN: 142-885-005
2025-06-24 22:45:20,510 - INFO - NumExpr defaulting to 4 threads.
2025-06-24 22:45:20,764 - INFO - Streamlit version: 1.46.0
2025-06-24 22:45:20,764 - INFO - Streamlit file: /home/jawwad-linux/miniconda3/envs/ncc_ai/lib/python3.9/site-packages/streamlit/__init__.py
2025-06-24 22:45:20,767 - INFO - auth_manager: user_id in session_state: None
2025-06-24 22:45:22,392 - INFO - auth_manager: user_id in session_state: None
2025-06-24 22:45:28,022 - INFO - auth_manager: user_id in session_state: None
2025-06-24 22:45:32,471 - INFO - auth_manager: user_id in session_state: None
2025-06-24 22:45:32,615 - INFO - auth_manager: user_id in session_state: None
2025-06-24 22:45:39 INFO User jams9226@gmail.com logged in successfully. Hybrid debug: {'chat_local_count': 7, 'quiz_local_count': 1, 'quiz_score_local': True, 'chat_cloud_count': 0, 'quiz_cloud_count': 0, 'quiz_score_cloud': True}
2025-06-24 22:45:39,486 - INFO - User jams9226@gmail.com logged in successfully. Hybrid debug: {'chat_local_count': 7, 'quiz_local_count': 1, 'quiz_score_local': True, 'chat_cloud_count': 0, 'quiz_cloud_count': 0, 'quiz_score_cloud': True}
2025-06-24 22:45:39,488 - INFO - 127.0.0.1 - - [24/Jun/2025 22:45:39] "POST /login HTTP/1.1" 200 -
2025-06-24 22:45:39,491 - INFO - Login successful for user: jams9226@gmail.com
2025-06-24 22:45:39,560 - INFO - auth_manager: user_id in session_state: OVRQ7LeRTKMDreik9FWkLSrxIJv2
2025-06-24 22:45:45,334 - INFO - auth_manager: user_id in session_state: OVRQ7LeRTKMDreik9FWkLSrxIJv2
2025-06-24 22:45:53,853 - INFO - auth_manager: user_id in session_state: OVRQ7LeRTKMDreik9FWkLSrxIJv2
2025-06-24 22:45:53,897 - INFO - file_cache is only supported with oauth2client<4.0.0
2025-06-24 22:45:54,484 - INFO - file_cache is only supported with oauth2client<4.0.0
2025-06-24 22:45:54,864 - INFO - file_cache is only supported with oauth2client<4.0.0
2025-06-24 22:45:55,356 - INFO - file_cache is only supported with oauth2client<4.0.0
2025-06-24 22:46:07,950 - INFO - auth_manager: user_id in session_state: OVRQ7LeRTKMDreik9FWkLSrxIJv2
2025-06-24 22:46:08,438 - INFO - auth_manager: user_id in session_state: OVRQ7LeRTKMDreik9FWkLSrxIJv2
2025-06-24 22:47:21,993 - INFO -  * Detected change in '/home/jawwad-linux/Documents/ncc_ai_assistant/main.py', reloading
2025-06-24 22:47:21,996 - INFO -  * Detected change in '/home/jawwad-linux/Documents/ncc_ai_assistant/main.py', reloading
2025-06-24 22:47:22,007 - INFO -  * Detected change in '/home/jawwad-linux/Documents/ncc_ai_assistant/main.py', reloading
2025-06-24 22:47:24,939 - INFO -  * Restarting with watchdog (inotify)
2025-06-24 22:47:26,869 - WARNING - Python-dotenv could not parse statement starting at line 5
2025-06-24 22:47:26,881 - WARNING -  * Debugger is active!
2025-06-24 22:47:26,881 - INFO -  * Debugger PIN: 142-885-005
2025-06-24 22:48:52,895 - INFO -  * Detected change in '/home/jawwad-linux/Documents/ncc_ai_assistant/login_interface.py', reloading
2025-06-24 22:48:52,916 - INFO -  * Detected change in '/home/jawwad-linux/Documents/ncc_ai_assistant/login_interface.py', reloading
2025-06-24 22:48:53,683 - INFO -  * Restarting with watchdog (inotify)
2025-06-24 22:48:56,120 - WARNING - Python-dotenv could not parse statement starting at line 5
2025-06-24 22:48:56,132 - WARNING -  * Debugger is active!
2025-06-24 22:48:56,133 - INFO -  * Debugger PIN: 142-885-005
2025-06-24 22:49:16,257 - INFO -  * Detected change in '/home/jawwad-linux/Documents/ncc_ai_assistant/main.py', reloading
2025-06-24 22:49:16,260 - INFO -  * Detected change in '/home/jawwad-linux/Documents/ncc_ai_assistant/main.py', reloading
2025-06-24 22:49:16,267 - INFO -  * Detected change in '/home/jawwad-linux/Documents/ncc_ai_assistant/main.py', reloading
2025-06-24 22:49:17,055 - INFO -  * Restarting with watchdog (inotify)
2025-06-24 22:49:19,843 - WARNING - Python-dotenv could not parse statement starting at line 5
2025-06-24 22:49:19,859 - WARNING -  * Debugger is active!
2025-06-24 22:49:19,860 - INFO -  * Debugger PIN: 142-885-005
2025-06-24 22:49:47,625 - INFO -  * Detected change in '/home/jawwad-linux/Documents/ncc_ai_assistant/main.py', reloading
2025-06-24 22:49:47,627 - INFO -  * Detected change in '/home/jawwad-linux/Documents/ncc_ai_assistant/login_interface.py', reloading
2025-06-24 22:49:47,644 - INFO -  * Detected change in '/home/jawwad-linux/Documents/ncc_ai_assistant/main.py', reloading
2025-06-24 22:49:47,645 - INFO -  * Detected change in '/home/jawwad-linux/Documents/ncc_ai_assistant/login_interface.py', reloading
2025-06-24 22:49:48,653 - INFO -  * Restarting with watchdog (inotify)
2025-06-24 22:49:50,625 - WARNING - Python-dotenv could not parse statement starting at line 5
2025-06-24 22:49:50,637 - WARNING -  * Debugger is active!
2025-06-24 22:49:50,637 - INFO -  * Debugger PIN: 142-885-005
2025-06-24 22:50:38,512 - INFO - NumExpr defaulting to 4 threads.
2025-06-24 22:50:38,991 - INFO - Streamlit version: 1.46.0
2025-06-24 22:50:38,991 - INFO - Streamlit file: /home/jawwad-linux/miniconda3/envs/ncc_ai/lib/python3.9/site-packages/streamlit/__init__.py
2025-06-24 22:50:38,994 - INFO - auth_manager: user_id in session_state: None
2025-06-24 22:50:40,163 - INFO - auth_manager: user_id in session_state: None
2025-06-24 22:50:44,633 - INFO - auth_manager: user_id in session_state: None
2025-06-24 22:50:47,474 - INFO - auth_manager: user_id in session_state: None
2025-06-24 22:50:47,650 - INFO - auth_manager: user_id in session_state: None
2025-06-24 22:50:55 INFO User jams9226@gmail.com logged in successfully. Hybrid debug: {'chat_local_count': 7, 'quiz_local_count': 1, 'quiz_score_local': True, 'chat_cloud_count': 0, 'quiz_cloud_count': 0, 'quiz_score_cloud': True}
2025-06-24 22:50:55,368 - INFO - User jams9226@gmail.com logged in successfully. Hybrid debug: {'chat_local_count': 7, 'quiz_local_count': 1, 'quiz_score_local': True, 'chat_cloud_count': 0, 'quiz_cloud_count': 0, 'quiz_score_cloud': True}
2025-06-24 22:50:55,370 - INFO - 127.0.0.1 - - [24/Jun/2025 22:50:55] "POST /login HTTP/1.1" 200 -
2025-06-24 22:50:55,372 - INFO - Login successful for user: jams9226@gmail.com
2025-06-24 22:50:55,449 - INFO - auth_manager: user_id in session_state: OVRQ7LeRTKMDreik9FWkLSrxIJv2
2025-06-24 22:51:03,589 - INFO - auth_manager: user_id in session_state: OVRQ7LeRTKMDreik9FWkLSrxIJv2
2025-06-24 22:51:06,395 - INFO - auth_manager: user_id in session_state: OVRQ7LeRTKMDreik9FWkLSrxIJv2
2025-06-24 22:51:11,606 - INFO - auth_manager: user_id in session_state: OVRQ7LeRTKMDreik9FWkLSrxIJv2
2025-06-24 22:51:17,815 - INFO - auth_manager: user_id in session_state: OVRQ7LeRTKMDreik9FWkLSrxIJv2
2025-06-24 22:51:25,090 - INFO - auth_manager: user_id in session_state: OVRQ7LeRTKMDreik9FWkLSrxIJv2
2025-06-24 22:51:25,188 - INFO - file_cache is only supported with oauth2client<4.0.0
2025-06-24 22:51:25,893 - INFO - file_cache is only supported with oauth2client<4.0.0
2025-06-24 22:51:26,302 - INFO - file_cache is only supported with oauth2client<4.0.0
2025-06-24 22:51:26,741 - INFO - file_cache is only supported with oauth2client<4.0.0
2025-06-24 22:51:33,161 - INFO - auth_manager: user_id in session_state: OVRQ7LeRTKMDreik9FWkLSrxIJv2
2025-06-24 22:51:42,927 - INFO - auth_manager: user_id in session_state: OVRQ7LeRTKMDreik9FWkLSrxIJv2
2025-06-24 22:53:10,790 - INFO -  * Detected change in '/home/jawwad-linux/Documents/ncc_ai_assistant/main.py', reloading
2025-06-24 22:53:10,794 - INFO -  * Detected change in '/home/jawwad-linux/Documents/ncc_ai_assistant/main.py', reloading
2025-06-24 22:53:10,813 - INFO -  * Detected change in '/home/jawwad-linux/Documents/ncc_ai_assistant/main.py', reloading
2025-06-24 22:53:14,164 - INFO -  * Restarting with watchdog (inotify)
2025-06-24 22:53:16,069 - WARNING - Python-dotenv could not parse statement starting at line 5
2025-06-24 22:53:16,082 - WARNING -  * Debugger is active!
2025-06-24 22:53:16,083 - INFO -  * Debugger PIN: 142-885-005
2025-06-24 23:24:20,118 - INFO -  * Detected change in '/home/jawwad-linux/Documents/ncc_ai_assistant/main.py', reloading
2025-06-24 23:24:20,139 - INFO -  * Detected change in '/home/jawwad-linux/Documents/ncc_ai_assistant/main.py', reloading
2025-06-24 23:24:20,651 - INFO -  * Restarting with watchdog (inotify)
2025-06-24 23:24:22,519 - WARNING - Python-dotenv could not parse statement starting at line 5
2025-06-24 23:24:22,531 - WARNING -  * Debugger is active!
2025-06-24 23:24:22,531 - INFO -  * Debugger PIN: 142-885-005
2025-06-24 23:44:13,700 - INFO - NumExpr defaulting to 4 threads.
2025-06-24 23:44:13,969 - INFO - Streamlit version: 1.46.0
2025-06-24 23:44:13,969 - INFO - Streamlit file: /home/jawwad-linux/miniconda3/envs/ncc_ai/lib/python3.9/site-packages/streamlit/__init__.py
2025-06-24 23:44:13,972 - INFO - auth_manager: user_id in session_state: None
2025-06-24 23:44:15,453 - INFO - auth_manager: user_id in session_state: None
2025-06-24 23:44:17,531 - INFO - auth_manager: user_id in session_state: None
2025-06-24 23:44:19,059 - INFO - auth_manager: user_id in session_state: None
2025-06-24 23:44:19,211 - INFO - auth_manager: user_id in session_state: None
2025-06-24 23:44:27 INFO User jams9226@gmail.com logged in successfully. Hybrid debug: {'chat_local_count': 7, 'quiz_local_count': 1, 'quiz_score_local': True, 'chat_cloud_count': 0, 'quiz_cloud_count': 0, 'quiz_score_cloud': True}
2025-06-24 23:44:27,000 - INFO - User jams9226@gmail.com logged in successfully. Hybrid debug: {'chat_local_count': 7, 'quiz_local_count': 1, 'quiz_score_local': True, 'chat_cloud_count': 0, 'quiz_cloud_count': 0, 'quiz_score_cloud': True}
2025-06-24 23:44:27,001 - INFO - 127.0.0.1 - - [24/Jun/2025 23:44:27] "POST /login HTTP/1.1" 200 -
2025-06-24 23:44:27,004 - INFO - Login successful for user: jams9226@gmail.com
2025-06-24 23:44:27,079 - INFO - auth_manager: user_id in session_state: OVRQ7LeRTKMDreik9FWkLSrxIJv2
2025-06-24 23:45:58,302 - INFO - auth_manager: user_id in session_state: OVRQ7LeRTKMDreik9FWkLSrxIJv2
2025-06-24 23:46:15,753 - INFO -  * Detected change in '/home/jawwad-linux/Documents/ncc_ai_assistant/main.py', reloading
2025-06-24 23:46:15,760 - INFO -  * Detected change in '/home/jawwad-linux/Documents/ncc_ai_assistant/main.py', reloading
2025-06-24 23:46:18,781 - INFO -  * Restarting with watchdog (inotify)
2025-06-24 23:46:20,957 - WARNING - Python-dotenv could not parse statement starting at line 5
2025-06-24 23:46:20,969 - WARNING -  * Debugger is active!
2025-06-24 23:46:20,970 - INFO -  * Debugger PIN: 142-885-005
2025-06-24 23:46:48,650 - INFO -  * Detected change in '/home/jawwad-linux/Documents/ncc_ai_assistant/main.py', reloading
2025-06-24 23:46:48,652 - INFO -  * Detected change in '/home/jawwad-linux/Documents/ncc_ai_assistant/main.py', reloading
2025-06-24 23:46:48,673 - INFO -  * Detected change in '/home/jawwad-linux/Documents/ncc_ai_assistant/main.py', reloading
2025-06-24 23:46:49,603 - INFO -  * Restarting with watchdog (inotify)
2025-06-24 23:46:51,568 - WARNING - Python-dotenv could not parse statement starting at line 5
2025-06-24 23:46:51,579 - WARNING -  * Debugger is active!
2025-06-24 23:46:51,580 - INFO -  * Debugger PIN: 142-885-005
2025-06-24 23:47:48,226 - INFO -  * Detected change in '/home/jawwad-linux/Documents/ncc_ai_assistant/sidebar.py', reloading
2025-06-24 23:47:48,230 - INFO -  * Detected change in '/home/jawwad-linux/Documents/ncc_ai_assistant/sidebar.py', reloading
2025-06-24 23:47:49,619 - INFO -  * Restarting with watchdog (inotify)
2025-06-24 23:47:54,085 - WARNING - Python-dotenv could not parse statement starting at line 5
2025-06-24 23:47:54,104 - WARNING -  * Debugger is active!
2025-06-24 23:47:54,105 - INFO -  * Debugger PIN: 142-885-005
2025-06-24 23:49:24,028 - INFO -  * Detected change in '/home/jawwad-linux/Documents/ncc_ai_assistant/sidebar.py', reloading
2025-06-24 23:49:24,029 - INFO -  * Detected change in '/home/jawwad-linux/Documents/ncc_ai_assistant/sidebar.py', reloading
2025-06-24 23:49:24,439 - INFO -  * Restarting with watchdog (inotify)
2025-06-24 23:49:27,250 - WARNING - Python-dotenv could not parse statement starting at line 5
2025-06-24 23:49:27,340 - WARNING -  * Debugger is active!
2025-06-24 23:49:27,353 - INFO -  * Debugger PIN: 142-885-005
2025-06-24 23:49:45,407 - INFO - NumExpr defaulting to 4 threads.
2025-06-24 23:49:45,727 - INFO - Streamlit version: 1.46.0
2025-06-24 23:49:45,728 - INFO - Streamlit file: /home/jawwad-linux/miniconda3/envs/ncc_ai/lib/python3.9/site-packages/streamlit/__init__.py
2025-06-24 23:49:45,731 - INFO - auth_manager: user_id in session_state: None
2025-06-24 23:49:46,560 - INFO - auth_manager: user_id in session_state: None
2025-06-24 23:49:52,700 - INFO - auth_manager: user_id in session_state: None
2025-06-24 23:49:54,340 - INFO - auth_manager: user_id in session_state: None
2025-06-24 23:49:54,534 - INFO - auth_manager: user_id in session_state: None
2025-06-24 23:50:02 INFO User jams9226@gmail.com logged in successfully. Hybrid debug: {'chat_local_count': 7, 'quiz_local_count': 1, 'quiz_score_local': True, 'chat_cloud_count': 0, 'quiz_cloud_count': 0, 'quiz_score_cloud': True}
2025-06-24 23:50:02,156 - INFO - User jams9226@gmail.com logged in successfully. Hybrid debug: {'chat_local_count': 7, 'quiz_local_count': 1, 'quiz_score_local': True, 'chat_cloud_count': 0, 'quiz_cloud_count': 0, 'quiz_score_cloud': True}
2025-06-24 23:50:02,157 - INFO - 127.0.0.1 - - [24/Jun/2025 23:50:02] "POST /login HTTP/1.1" 200 -
2025-06-24 23:50:02,160 - INFO - Login successful for user: jams9226@gmail.com
2025-06-24 23:50:02,221 - INFO - auth_manager: user_id in session_state: OVRQ7LeRTKMDreik9FWkLSrxIJv2
2025-06-24 23:51:27,953 - INFO -  * Detected change in '/home/jawwad-linux/Documents/ncc_ai_assistant/main.py', reloading
2025-06-24 23:51:27,974 - INFO -  * Detected change in '/home/jawwad-linux/Documents/ncc_ai_assistant/main.py', reloading
2025-06-24 23:51:30,601 - INFO -  * Restarting with watchdog (inotify)
2025-06-24 23:51:32,607 - WARNING - Python-dotenv could not parse statement starting at line 5
2025-06-24 23:51:32,619 - WARNING -  * Debugger is active!
2025-06-24 23:51:32,620 - INFO -  * Debugger PIN: 142-885-005
2025-06-24 23:52:04,261 - INFO -  * Detected change in '/home/jawwad-linux/Documents/ncc_ai_assistant/main.py', reloading
2025-06-24 23:52:04,264 - INFO -  * Detected change in '/home/jawwad-linux/Documents/ncc_ai_assistant/main.py', reloading
2025-06-24 23:52:04,286 - INFO -  * Detected change in '/home/jawwad-linux/Documents/ncc_ai_assistant/main.py', reloading
2025-06-24 23:52:04,574 - INFO -  * Restarting with watchdog (inotify)
2025-06-24 23:52:06,681 - WARNING - Python-dotenv could not parse statement starting at line 5
2025-06-24 23:52:06,697 - WARNING -  * Debugger is active!
2025-06-24 23:52:06,697 - INFO -  * Debugger PIN: 142-885-005
2025-06-24 23:52:21,843 - INFO - NumExpr defaulting to 4 threads.
2025-06-24 23:52:22,094 - INFO - Streamlit version: 1.46.0
2025-06-24 23:52:22,095 - INFO - Streamlit version: 1.46.0
2025-06-24 23:52:22,095 - INFO - Streamlit file: /home/jawwad-linux/miniconda3/envs/ncc_ai/lib/python3.9/site-packages/streamlit/__init__.py
2025-06-24 23:52:22,096 - INFO - Streamlit file: /home/jawwad-linux/miniconda3/envs/ncc_ai/lib/python3.9/site-packages/streamlit/__init__.py
2025-06-24 23:52:22,100 - INFO - auth_manager: user_id in session_state: None
2025-06-24 23:52:22,102 - INFO - auth_manager: user_id in session_state: None
2025-06-24 23:52:23,628 - INFO - auth_manager: user_id in session_state: None
2025-06-24 23:52:23,666 - INFO - auth_manager: user_id in session_state: None
2025-06-24 23:52:26,548 - INFO - auth_manager: user_id in session_state: None
2025-06-24 23:52:26,633 - INFO - auth_manager: user_id in session_state: None
2025-06-24 23:52:29,000 - INFO - auth_manager: user_id in session_state: None
2025-06-24 23:52:29,086 - INFO - auth_manager: user_id in session_state: None
2025-06-24 23:52:50,665 - INFO - auth_manager: user_id in session_state: None
2025-06-24 23:52:54,805 - INFO - auth_manager: user_id in session_state: None
2025-06-24 23:52:54,807 - INFO - auth_manager: user_id in session_state: None
2025-06-24 23:53:02 INFO User Jams9226@gmail.com logged in successfully. Hybrid debug: {'chat_local_count': 7, 'quiz_local_count': 1, 'quiz_score_local': True, 'chat_cloud_count': 0, 'quiz_cloud_count': 0, 'quiz_score_cloud': True}
2025-06-24 23:53:02,335 - INFO - User Jams9226@gmail.com logged in successfully. Hybrid debug: {'chat_local_count': 7, 'quiz_local_count': 1, 'quiz_score_local': True, 'chat_cloud_count': 0, 'quiz_cloud_count': 0, 'quiz_score_cloud': True}
2025-06-24 23:53:02,337 - INFO - 127.0.0.1 - - [24/Jun/2025 23:53:02] "POST /login HTTP/1.1" 200 -
2025-06-24 23:53:02,340 - INFO - Login successful for user: Jams9226@gmail.com
2025-06-24 23:53:02,424 - INFO - auth_manager: user_id in session_state: OVRQ7LeRTKMDreik9FWkLSrxIJv2
2025-06-24 23:53:29,478 - INFO - Streamlit version: 1.46.0
2025-06-24 23:53:29,480 - INFO - Streamlit file: /home/jawwad-linux/miniconda3/envs/ncc_ai/lib/python3.9/site-packages/streamlit/__init__.py
2025-06-24 23:53:29,481 - INFO - auth_manager: user_id in session_state: None
2025-06-24 23:53:30,481 - INFO - auth_manager: user_id in session_state: None
2025-06-24 23:53:44,982 - INFO - auth_manager: user_id in session_state: None
2025-06-24 23:53:49,078 - INFO - auth_manager: user_id in session_state: None
2025-06-24 23:53:49,174 - INFO - auth_manager: user_id in session_state: None
2025-06-24 23:53:54 INFO User Jams9226@gmail.com logged in successfully. Hybrid debug: {'chat_local_count': 7, 'quiz_local_count': 1, 'quiz_score_local': True, 'chat_cloud_count': 0, 'quiz_cloud_count': 0, 'quiz_score_cloud': True}
2025-06-24 23:53:54,299 - INFO - User Jams9226@gmail.com logged in successfully. Hybrid debug: {'chat_local_count': 7, 'quiz_local_count': 1, 'quiz_score_local': True, 'chat_cloud_count': 0, 'quiz_cloud_count': 0, 'quiz_score_cloud': True}
2025-06-24 23:53:54,301 - INFO - 127.0.0.1 - - [24/Jun/2025 23:53:54] "POST /login HTTP/1.1" 200 -
2025-06-24 23:53:54,303 - INFO - Login successful for user: Jams9226@gmail.com
2025-06-24 23:53:54,378 - INFO - auth_manager: user_id in session_state: OVRQ7LeRTKMDreik9FWkLSrxIJv2
2025-06-24 23:54:11,215 - INFO - auth_manager: user_id in session_state: None
2025-06-24 23:54:11,240 - WARNING - Login attempt with missing email or password.
2025-06-24 23:54:33,110 - INFO - auth_manager: user_id in session_state: OVRQ7LeRTKMDreik9FWkLSrxIJv2
2025-06-24 23:56:59,618 - INFO -  * Detected change in '/home/jawwad-linux/Documents/ncc_ai_assistant/main.py', reloading
2025-06-24 23:56:59,619 - INFO -  * Detected change in '/home/jawwad-linux/Documents/ncc_ai_assistant/main.py', reloading
2025-06-24 23:56:59,643 - INFO -  * Detected change in '/home/jawwad-linux/Documents/ncc_ai_assistant/main.py', reloading
2025-06-24 23:57:02,213 - INFO -  * Restarting with watchdog (inotify)
2025-06-24 23:57:04,713 - WARNING - Python-dotenv could not parse statement starting at line 5
2025-06-24 23:57:04,725 - WARNING -  * Debugger is active!
2025-06-24 23:57:04,726 - INFO -  * Debugger PIN: 142-885-005
2025-06-24 23:57:20,305 - INFO -  * Detected change in '/home/jawwad-linux/Documents/ncc_ai_assistant/main.py', reloading
2025-06-24 23:57:20,306 - INFO -  * Detected change in '/home/jawwad-linux/Documents/ncc_ai_assistant/main.py', reloading
2025-06-24 23:57:20,326 - INFO -  * Detected change in '/home/jawwad-linux/Documents/ncc_ai_assistant/main.py', reloading
2025-06-24 23:57:21,360 - INFO -  * Restarting with watchdog (inotify)
2025-06-24 23:57:23,470 - WARNING - Python-dotenv could not parse statement starting at line 5
2025-06-24 23:57:23,482 - WARNING -  * Debugger is active!
2025-06-24 23:57:23,483 - INFO -  * Debugger PIN: 142-885-005
2025-06-24 23:57:53,973 - INFO -  * Detected change in '/home/jawwad-linux/Documents/ncc_ai_assistant/main.py', reloading
2025-06-24 23:57:53,995 - INFO -  * Detected change in '/home/jawwad-linux/Documents/ncc_ai_assistant/main.py', reloading
2025-06-24 23:57:55,172 - INFO -  * Restarting with watchdog (inotify)
2025-06-24 23:57:57,581 - WARNING - Python-dotenv could not parse statement starting at line 5
2025-06-24 23:57:57,599 - WARNING -  * Debugger is active!
2025-06-24 23:57:57,600 - INFO -  * Debugger PIN: 142-885-005
2025-06-24 23:58:03,585 - INFO -  * Detected change in '/home/jawwad-linux/Documents/ncc_ai_assistant/main.py', reloading
2025-06-24 23:58:03,586 - INFO -  * Detected change in '/home/jawwad-linux/Documents/ncc_ai_assistant/main.py', reloading
2025-06-24 23:58:03,606 - INFO -  * Detected change in '/home/jawwad-linux/Documents/ncc_ai_assistant/main.py', reloading
2025-06-24 23:58:04,433 - INFO -  * Restarting with watchdog (inotify)
2025-06-24 23:58:06,633 - WARNING - Python-dotenv could not parse statement starting at line 5
2025-06-24 23:58:06,645 - WARNING -  * Debugger is active!
2025-06-24 23:58:06,645 - INFO -  * Debugger PIN: 142-885-005
